<?xml version="1.0" encoding="UTF-8"?>
<!-- Generated by org.testng.reporters.JUnitReportReporter -->
<testsuite hostname="Atyam" failures="0" tests="1" name="vegetables.ExportVegiCosts" time="65.126" errors="0" timestamp="18 Apr 2019 06:38:28 GMT" skipped="0">
  <testcase classname="vegetables.ExportVegiCosts" name="ExportAllVegetables" time="65.126"/>
</testsuite> <!-- vegetables.ExportVegiCosts -->
