<?xml version="1.0" encoding="UTF-8"?>
<!-- Generated by org.testng.reporters.JUnitReportReporter -->
<testsuite hostname="Atyam" failures="0" tests="1" name="vegetables.ExportnLeastCosts" time="51.945" errors="0" timestamp="18 Apr 2019 13:27:11 GMT" skipped="0">
  <testcase classname="vegetables.ExportnLeastCosts" name="ExportAllVegetables" time="51.945"/>
</testsuite> <!-- vegetables.ExportnLeastCosts -->
